Arguments: 
  C:\laragon\bin\nodejs\node-v14\node.exe C:\Users\Nourdine\AppData\Roaming\npm\node_modules\yarn\bin\yarn.js add asyncHandler

PATH: 
  C:\Users\Nourdine\AppData\Local\Yarn\config\global\node_modules\.bin;C:\Users\Nourdine\AppData\Roaming\npm;C:\Users\Nourdine\AppData\Roaming\Composer\vendor\bin;;C:\laragon\bin\laragon\utils;C:\laragon\bin\mysql\mysql-5.7.33-winx64\bin;C:\laragon\bin\php\php-7.4.19-Win32-vc15-x64;C:\laragon\bin\composer;C:\laragon\bin\apache\httpd-2.4.47-win64-VS16\bin;C:\laragon\bin\redis\redis-x64-3.2.100;C:\laragon\bin\nodejs\node-v14;C:\laragon\bin\nginx\nginx-1.19.10;C:\laragon\bin\notepad++;C:\laragon\bin\telnet;C:\laragon\bin\ngrok;C:\laragon\bin\git\bin;C:\laragon\bin\git\cmd;C:\laragon\bin\git\usr\bin;C:\laragon\bin\git\mingw64\bin;C:\laragon\bin;C:\laragon\usr\bin;C:\laragon\bin\cmder\bin;C:\Program Files (x86)\Common Files\Intel\Shared Libraries\redist\intel64\compiler;C:\Program Files\Eclipse Adoptium\jdk-11.0.17.8-hotspot\bin;C:\WINDOWS\system32;C:\WINDOWS;C:\WINDOWS\System32\Wbem;C:\WINDOWS\System32\WindowsPowerShell\v1.0\;C:\WINDOWS\System32\OpenSSH\;C:\Program Files\nodejs\;C:\xampp\php;C:\ProgramData\ComposerSetup\bin;C:\xampp\mysql\bin;C:\Program Files\PuTTY\;C:\Program Files\Git\cmd;C:\sqlite;C:\Users\Nourdine\AppData\Local\Programs\Python\Python310\Scripts\;C:\Users\Nourdine\AppData\Local\Programs\Python\Python310\;C:\Users\Nourdine\AppData\Local\Microsoft\WindowsApps;;C:\Users\Nourdine\AppData\Local\Programs\Microsoft VS Code\bin;C:\Users\Nourdine\AppData\Roaming\npm;C:\Users\Nourdine\AppData\Roaming\Composer\vendor\bin;C:\Program Files\Git\usr\bin;C:\Program Files\Git\usr\share\vim\vim74;C:\laragon\bin\cmder\;

Yarn version: 
  1.22.19

Node version: 
  14.16.1

Platform: 
  win32 x64

Trace: 
  Error: https://registry.yarnpkg.com/asyncHandler: Not found
      at Request.params.callback [as _callback] (C:\Users\Nourdine\AppData\Roaming\npm\node_modules\yarn\lib\cli.js:66145:18)
      at Request.self.callback (C:\Users\Nourdine\AppData\Roaming\npm\node_modules\yarn\lib\cli.js:140890:22)
      at Request.emit (events.js:315:20)
      at Request.<anonymous> (C:\Users\Nourdine\AppData\Roaming\npm\node_modules\yarn\lib\cli.js:141862:10)
      at Request.emit (events.js:315:20)
      at IncomingMessage.<anonymous> (C:\Users\Nourdine\AppData\Roaming\npm\node_modules\yarn\lib\cli.js:141784:12)
      at Object.onceWrapper (events.js:421:28)
      at IncomingMessage.emit (events.js:327:22)
      at endReadableNT (internal/streams/readable.js:1327:12)
      at processTicksAndRejections (internal/process/task_queues.js:80:21)

npm manifest: 
  {
    "name": "mernstack",
    "version": "1.0.0",
    "description": "ecomerceapp",
    "main": "server.js",
    "scripts": {
      "start": "node backend/server.js",
      "server": "nodemon backend/server.js"
    },
    "author": "Nourdine Bouya",
    "license": "MIT",
    "dependencies": {
      "colors": "^1.4.0",
      "dotenv": "^16.0.3",
      "express": "^4.18.2",
      "mongoose": "^6.10.0"
    },
    "devDependencies": {
      "nodemon": "^2.0.20"
    }
  }

yarn manifest: 
  No manifest

Lockfile: 
  No lockfile
